# JRE version: Java(TM) SE Runtime Environment (8.0_91-b14) (build 1.8.0_91-b14)
# Java VM: Java HotSpot(TM) 64-Bit Server VM (25.91-b14 mixed mode linux-amd64 compressed oops)
Heap:
 PSYoungGen      total 37888K, used 20927K [0x00000000d6a00000, 0x00000000d9400000, 0x0000000100000000)
  eden space 32768K, 63% used [0x00000000d6a00000,0x00000000d7e6fc10,0x00000000d8a00000)
  from space 5120K, 0% used [0x00000000d8f00000,0x00000000d8f00000,0x00000000d9400000)
  to   space 5120K, 0% used [0x00000000d8a00000,0x00000000d8a00000,0x00000000d8f00000)
 ParOldGen       total 48128K, used 9775K [0x0000000083e00000, 0x0000000086d00000, 0x00000000d6a00000)
  object space 48128K, 20% used [0x0000000083e00000,0x000000008478bc90,0x0000000086d00000)
 Metaspace       used 23729K, capacity 24938K, committed 25088K, reserved 1071104K
  class space    used 3292K, capacity 3554K, committed 3584K, reserved 1048576K
GC Heap History (6 events):
Event: 0.999 GC heap before
{Heap before GC invocations=1 (full 0):
 PSYoungGen      total 37888K, used 32768K [0x00000000d6a00000, 0x00000000d9400000, 0x0000000100000000)
  eden space 32768K, 100% used [0x00000000d6a00000,0x00000000d8a00000,0x00000000d8a00000)
  from space 5120K, 0% used [0x00000000d8f00000,0x00000000d8f00000,0x00000000d9400000)
  to   space 5120K, 0% used [0x00000000d8a00000,0x00000000d8a00000,0x00000000d8f00000)
 ParOldGen       total 86016K, used 0K [0x0000000083e00000, 0x0000000089200000, 0x00000000d6a00000)
  object space 86016K, 0% used [0x0000000083e00000,0x0000000083e00000,0x0000000089200000)
 Metaspace       used 14965K, capacity 15558K, committed 15744K, reserved 1062912K
  class space    used 2223K, capacity 2382K, committed 2432K, reserved 1048576K
Event: 1.004 GC heap after
Heap after GC invocations=1 (full 0):
 PSYoungGen      total 37888K, used 5093K [0x00000000d6a00000, 0x00000000d9400000, 0x0000000100000000)
  eden space 32768K, 0% used [0x00000000d6a00000,0x00000000d6a00000,0x00000000d8a00000)
  from space 5120K, 99% used [0x00000000d8a00000,0x00000000d8ef9500,0x00000000d8f00000)
  to   space 5120K, 0% used [0x00000000d8f00000,0x00000000d8f00000,0x00000000d9400000)
 ParOldGen       total 86016K, used 632K [0x0000000083e00000, 0x0000000089200000, 0x00000000d6a00000)
  object space 86016K, 0% used [0x0000000083e00000,0x0000000083e9e010,0x0000000089200000)
 Metaspace       used 14965K, capacity 15558K, committed 15744K, reserved 1062912K
  class space    used 2223K, capacity 2382K, committed 2432K, reserved 1048576K
}
Event: 44.389 GC heap before
{Heap before GC invocations=2 (full 0):
 PSYoungGen      total 37888K, used 32675K [0x00000000d6a00000, 0x00000000d9400000, 0x0000000100000000)
  eden space 32768K, 84% used [0x00000000d6a00000,0x00000000d84ef890,0x00000000d8a00000)
  from space 5120K, 99% used [0x00000000d8a00000,0x00000000d8ef9500,0x00000000d8f00000)
  to   space 5120K, 0% used [0x00000000d8f00000,0x00000000d8f00000,0x00000000d9400000)
 ParOldGen       total 86016K, used 632K [0x0000000083e00000, 0x0000000089200000, 0x00000000d6a00000)
  object space 86016K, 0% used [0x0000000083e00000,0x0000000083e9e010,0x0000000089200000)
 Metaspace       used 20444K, capacity 21194K, committed 21296K, reserved 1067008K
  class space    used 2734K, capacity 2918K, committed 2944K, reserved 1048576K
Event: 44.412 GC heap after
Heap after GC invocations=2 (full 0):
 PSYoungGen      total 37888K, used 5105K [0x00000000d6a00000, 0x00000000d9400000, 0x0000000100000000)
  eden space 32768K, 0% used [0x00000000d6a00000,0x00000000d6a00000,0x00000000d8a00000)
  from space 5120K, 99% used [0x00000000d8f00000,0x00000000d93fc430,0x00000000d9400000)
  to   space 5120K, 0% used [0x00000000d8a00000,0x00000000d8a00000,0x00000000d8f00000)
 ParOldGen       total 86016K, used 4957K [0x0000000083e00000, 0x0000000089200000, 0x00000000d6a00000)
  object space 86016K, 5% used [0x0000000083e00000,0x00000000842d7648,0x0000000089200000)
 Metaspace       used 20444K, capacity 21194K, committed 21296K, reserved 1067008K
  class space    used 2734K, capacity 2918K, committed 2944K, reserved 1048576K
}
Event: 44.412 GC heap before
{Heap before GC invocations=3 (full 1):
 PSYoungGen      total 37888K, used 5105K [0x00000000d6a00000, 0x00000000d9400000, 0x0000000100000000)
  eden space 32768K, 0% used [0x00000000d6a00000,0x00000000d6a00000,0x00000000d8a00000)
  from space 5120K, 99% used [0x00000000d8f00000,0x00000000d93fc430,0x00000000d9400000)
  to   space 5120K, 0% used [0x00000000d8a00000,0x00000000d8a00000,0x00000000d8f00000)
 ParOldGen       total 86016K, used 4957K [0x0000000083e00000, 0x0000000089200000, 0x00000000d6a00000)
  object space 86016K, 5% used [0x0000000083e00000,0x00000000842d7648,0x0000000089200000)
 Metaspace       used 20444K, capacity 21194K, committed 21296K, reserved 1067008K
  class space    used 2734K, capacity 2918K, committed 2944K, reserved 1048576K
Event: 44.457 GC heap after
Heap after GC invocations=3 (full 1):
 PSYoungGen      total 37888K, used 0K [0x00000000d6a00000, 0x00000000d9400000, 0x0000000100000000)
  eden space 32768K, 0% used [0x00000000d6a00000,0x00000000d6a00000,0x00000000d8a00000)
  from space 5120K, 0% used [0x00000000d8f00000,0x00000000d8f00000,0x00000000d9400000)
  to   space 5120K, 0% used [0x00000000d8a00000,0x00000000d8a00000,0x00000000d8f00000)
 ParOldGen       total 48128K, used 9775K [0x0000000083e00000, 0x0000000086d00000, 0x00000000d6a00000)
  object space 48128K, 20% used [0x0000000083e00000,0x000000008478bc90,0x0000000086d00000)
 Metaspace       used 20444K, capacity 21194K, committed 21296K, reserved 1067008K
  class space    used 2734K, capacity 2918K, committed 2944K, reserved 1048576K
}

