# JRE version: Java(TM) SE Runtime Environment (8.0_91-b14) (build 1.8.0_91-b14)
# Java VM: Java HotSpot(TM) 64-Bit Server VM (25.91-b14 mixed mode linux-amd64 compressed oops)
Heap:
 PSYoungGen      total 37888K, used 11949K [0x00000000d6a00000, 0x00000000d9400000, 0x0000000100000000)
  eden space 32768K, 36% used [0x00000000d6a00000,0x00000000d75ab5d8,0x00000000d8a00000)
  from space 5120K, 0% used [0x00000000d8f00000,0x00000000d8f00000,0x00000000d9400000)
  to   space 5120K, 0% used [0x00000000d8a00000,0x00000000d8a00000,0x00000000d8f00000)
 ParOldGen       total 45056K, used 8404K [0x0000000083e00000, 0x0000000086a00000, 0x00000000d6a00000)
  object space 45056K, 18% used [0x0000000083e00000,0x00000000846352d8,0x0000000086a00000)
 Metaspace       used 22008K, capacity 23172K, committed 23472K, reserved 1069056K
  class space    used 3156K, capacity 3399K, committed 3504K, reserved 1048576K
GC Heap History (6 events):
Event: 1.015 GC heap before
{Heap before GC invocations=1 (full 0):
 PSYoungGen      total 37888K, used 32768K [0x00000000d6a00000, 0x00000000d9400000, 0x0000000100000000)
  eden space 32768K, 100% used [0x00000000d6a00000,0x00000000d8a00000,0x00000000d8a00000)
  from space 5120K, 0% used [0x00000000d8f00000,0x00000000d8f00000,0x00000000d9400000)
  to   space 5120K, 0% used [0x00000000d8a00000,0x00000000d8a00000,0x00000000d8f00000)
 ParOldGen       total 86016K, used 0K [0x0000000083e00000, 0x0000000089200000, 0x00000000d6a00000)
  object space 86016K, 0% used [0x0000000083e00000,0x0000000083e00000,0x0000000089200000)
 Metaspace       used 14981K, capacity 15574K, committed 15744K, reserved 1062912K
  class space    used 2231K, capacity 2383K, committed 2432K, reserved 1048576K
Event: 1.021 GC heap after
Heap after GC invocations=1 (full 0):
 PSYoungGen      total 37888K, used 5093K [0x00000000d6a00000, 0x00000000d9400000, 0x0000000100000000)
  eden space 32768K, 0% used [0x00000000d6a00000,0x00000000d6a00000,0x00000000d8a00000)
  from space 5120K, 99% used [0x00000000d8a00000,0x00000000d8ef9500,0x00000000d8f00000)
  to   space 5120K, 0% used [0x00000000d8f00000,0x00000000d8f00000,0x00000000d9400000)
 ParOldGen       total 86016K, used 616K [0x0000000083e00000, 0x0000000089200000, 0x00000000d6a00000)
  object space 86016K, 0% used [0x0000000083e00000,0x0000000083e9a010,0x0000000089200000)
 Metaspace       used 14981K, capacity 15574K, committed 15744K, reserved 1062912K
  class space    used 2231K, capacity 2383K, committed 2432K, reserved 1048576K
}
Event: 12.560 GC heap before
{Heap before GC invocations=2 (full 0):
 PSYoungGen      total 37888K, used 25382K [0x00000000d6a00000, 0x00000000d9400000, 0x0000000100000000)
  eden space 32768K, 61% used [0x00000000d6a00000,0x00000000d7dd0368,0x00000000d8a00000)
  from space 5120K, 99% used [0x00000000d8a00000,0x00000000d8ef9500,0x00000000d8f00000)
  to   space 5120K, 0% used [0x00000000d8f00000,0x00000000d8f00000,0x00000000d9400000)
 ParOldGen       total 86016K, used 616K [0x0000000083e00000, 0x0000000089200000, 0x00000000d6a00000)
  object space 86016K, 0% used [0x0000000083e00000,0x0000000083e9a010,0x0000000089200000)
 Metaspace       used 20296K, capacity 21154K, committed 21296K, reserved 1067008K
  class space    used 2880K, capacity 3098K, committed 3120K, reserved 1048576K
Event: 12.571 GC heap after
Heap after GC invocations=2 (full 0):
 PSYoungGen      total 37888K, used 5110K [0x00000000d6a00000, 0x00000000d9400000, 0x0000000100000000)
  eden space 32768K, 0% used [0x00000000d6a00000,0x00000000d6a00000,0x00000000d8a00000)
  from space 5120K, 99% used [0x00000000d8f00000,0x00000000d93fda50,0x00000000d9400000)
  to   space 5120K, 0% used [0x00000000d8a00000,0x00000000d8a00000,0x00000000d8f00000)
 ParOldGen       total 86016K, used 3542K [0x0000000083e00000, 0x0000000089200000, 0x00000000d6a00000)
  object space 86016K, 4% used [0x0000000083e00000,0x0000000084175b88,0x0000000089200000)
 Metaspace       used 20296K, capacity 21154K, committed 21296K, reserved 1067008K
  class space    used 2880K, capacity 3098K, committed 3120K, reserved 1048576K
}
Event: 12.571 GC heap before
{Heap before GC invocations=3 (full 1):
 PSYoungGen      total 37888K, used 5110K [0x00000000d6a00000, 0x00000000d9400000, 0x0000000100000000)
  eden space 32768K, 0% used [0x00000000d6a00000,0x00000000d6a00000,0x00000000d8a00000)
  from space 5120K, 99% used [0x00000000d8f00000,0x00000000d93fda50,0x00000000d9400000)
  to   space 5120K, 0% used [0x00000000d8a00000,0x00000000d8a00000,0x00000000d8f00000)
 ParOldGen       total 86016K, used 3542K [0x0000000083e00000, 0x0000000089200000, 0x00000000d6a00000)
  object space 86016K, 4% used [0x0000000083e00000,0x0000000084175b88,0x0000000089200000)
 Metaspace       used 20296K, capacity 21154K, committed 21296K, reserved 1067008K
  class space    used 2880K, capacity 3098K, committed 3120K, reserved 1048576K
Event: 12.613 GC heap after
Heap after GC invocations=3 (full 1):
 PSYoungGen      total 37888K, used 0K [0x00000000d6a00000, 0x00000000d9400000, 0x0000000100000000)
  eden space 32768K, 0% used [0x00000000d6a00000,0x00000000d6a00000,0x00000000d8a00000)
  from space 5120K, 0% used [0x00000000d8f00000,0x00000000d8f00000,0x00000000d9400000)
  to   space 5120K, 0% used [0x00000000d8a00000,0x00000000d8a00000,0x00000000d8f00000)
 ParOldGen       total 45056K, used 8404K [0x0000000083e00000, 0x0000000086a00000, 0x00000000d6a00000)
  object space 45056K, 18% used [0x0000000083e00000,0x00000000846352d8,0x0000000086a00000)
 Metaspace       used 20296K, capacity 21154K, committed 21296K, reserved 1067008K
  class space    used 2880K, capacity 3098K, committed 3120K, reserved 1048576K
}

