# JRE version: Java(TM) SE Runtime Environment (8.0_91-b14) (build 1.8.0_91-b14)
# Java VM: Java HotSpot(TM) 64-Bit Server VM (25.91-b14 mixed mode linux-amd64 compressed oops)
Heap:
 PSYoungGen      total 37888K, used 1046K [0x00000000d6a00000, 0x00000000d9400000, 0x0000000100000000)
  eden space 32768K, 3% used [0x00000000d6a00000,0x00000000d6b05998,0x00000000d8a00000)
  from space 5120K, 0% used [0x00000000d8f00000,0x00000000d8f00000,0x00000000d9400000)
  to   space 5120K, 0% used [0x00000000d8a00000,0x00000000d8a00000,0x00000000d8f00000)
 ParOldGen       total 45056K, used 8330K [0x0000000083e00000, 0x0000000086a00000, 0x00000000d6a00000)
  object space 45056K, 18% used [0x0000000083e00000,0x00000000846228a8,0x0000000086a00000)
 Metaspace       used 20728K, capacity 21636K, committed 21936K, reserved 1069056K
  class space    used 2937K, capacity 3167K, committed 3248K, reserved 1048576K
GC Heap History (6 events):
Event: 1.132 GC heap before
{Heap before GC invocations=1 (full 0):
 PSYoungGen      total 37888K, used 32768K [0x00000000d6a00000, 0x00000000d9400000, 0x0000000100000000)
  eden space 32768K, 100% used [0x00000000d6a00000,0x00000000d8a00000,0x00000000d8a00000)
  from space 5120K, 0% used [0x00000000d8f00000,0x00000000d8f00000,0x00000000d9400000)
  to   space 5120K, 0% used [0x00000000d8a00000,0x00000000d8a00000,0x00000000d8f00000)
 ParOldGen       total 86016K, used 0K [0x0000000083e00000, 0x0000000089200000, 0x00000000d6a00000)
  object space 86016K, 0% used [0x0000000083e00000,0x0000000083e00000,0x0000000089200000)
 Metaspace       used 14964K, capacity 15568K, committed 15744K, reserved 1062912K
  class space    used 2228K, capacity 2382K, committed 2432K, reserved 1048576K
Event: 1.138 GC heap after
Heap after GC invocations=1 (full 0):
 PSYoungGen      total 37888K, used 5109K [0x00000000d6a00000, 0x00000000d9400000, 0x0000000100000000)
  eden space 32768K, 0% used [0x00000000d6a00000,0x00000000d6a00000,0x00000000d8a00000)
  from space 5120K, 99% used [0x00000000d8a00000,0x00000000d8efd4f0,0x00000000d8f00000)
  to   space 5120K, 0% used [0x00000000d8f00000,0x00000000d8f00000,0x00000000d9400000)
 ParOldGen       total 86016K, used 616K [0x0000000083e00000, 0x0000000089200000, 0x00000000d6a00000)
  object space 86016K, 0% used [0x0000000083e00000,0x0000000083e9a010,0x0000000089200000)
 Metaspace       used 14964K, capacity 15568K, committed 15744K, reserved 1062912K
  class space    used 2228K, capacity 2382K, committed 2432K, reserved 1048576K
}
Event: 13.799 GC heap before
{Heap before GC invocations=2 (full 0):
 PSYoungGen      total 37888K, used 25060K [0x00000000d6a00000, 0x00000000d9400000, 0x0000000100000000)
  eden space 32768K, 60% used [0x00000000d6a00000,0x00000000d7d7bc38,0x00000000d8a00000)
  from space 5120K, 99% used [0x00000000d8a00000,0x00000000d8efd4f0,0x00000000d8f00000)
  to   space 5120K, 0% used [0x00000000d8f00000,0x00000000d8f00000,0x00000000d9400000)
 ParOldGen       total 86016K, used 616K [0x0000000083e00000, 0x0000000089200000, 0x00000000d6a00000)
  object space 86016K, 0% used [0x0000000083e00000,0x0000000083e9a010,0x0000000089200000)
 Metaspace       used 20279K, capacity 21188K, committed 21296K, reserved 1067008K
  class space    used 2883K, capacity 3103K, committed 3120K, reserved 1048576K
Event: 13.806 GC heap after
Heap after GC invocations=2 (full 0):
 PSYoungGen      total 37888K, used 5093K [0x00000000d6a00000, 0x00000000d9400000, 0x0000000100000000)
  eden space 32768K, 0% used [0x00000000d6a00000,0x00000000d6a00000,0x00000000d8a00000)
  from space 5120K, 99% used [0x00000000d8f00000,0x00000000d93f9508,0x00000000d9400000)
  to   space 5120K, 0% used [0x00000000d8a00000,0x00000000d8a00000,0x00000000d8f00000)
 ParOldGen       total 86016K, used 3557K [0x0000000083e00000, 0x0000000089200000, 0x00000000d6a00000)
  object space 86016K, 4% used [0x0000000083e00000,0x0000000084179408,0x0000000089200000)
 Metaspace       used 20279K, capacity 21188K, committed 21296K, reserved 1067008K
  class space    used 2883K, capacity 3103K, committed 3120K, reserved 1048576K
}
Event: 13.806 GC heap before
{Heap before GC invocations=3 (full 1):
 PSYoungGen      total 37888K, used 5093K [0x00000000d6a00000, 0x00000000d9400000, 0x0000000100000000)
  eden space 32768K, 0% used [0x00000000d6a00000,0x00000000d6a00000,0x00000000d8a00000)
  from space 5120K, 99% used [0x00000000d8f00000,0x00000000d93f9508,0x00000000d9400000)
  to   space 5120K, 0% used [0x00000000d8a00000,0x00000000d8a00000,0x00000000d8f00000)
 ParOldGen       total 86016K, used 3557K [0x0000000083e00000, 0x0000000089200000, 0x00000000d6a00000)
  object space 86016K, 4% used [0x0000000083e00000,0x0000000084179408,0x0000000089200000)
 Metaspace       used 20279K, capacity 21188K, committed 21296K, reserved 1067008K
  class space    used 2883K, capacity 3103K, committed 3120K, reserved 1048576K
Event: 13.851 GC heap after
Heap after GC invocations=3 (full 1):
 PSYoungGen      total 37888K, used 0K [0x00000000d6a00000, 0x00000000d9400000, 0x0000000100000000)
  eden space 32768K, 0% used [0x00000000d6a00000,0x00000000d6a00000,0x00000000d8a00000)
  from space 5120K, 0% used [0x00000000d8f00000,0x00000000d8f00000,0x00000000d9400000)
  to   space 5120K, 0% used [0x00000000d8a00000,0x00000000d8a00000,0x00000000d8f00000)
 ParOldGen       total 45056K, used 8330K [0x0000000083e00000, 0x0000000086a00000, 0x00000000d6a00000)
  object space 45056K, 18% used [0x0000000083e00000,0x00000000846228a8,0x0000000086a00000)
 Metaspace       used 20279K, capacity 21188K, committed 21296K, reserved 1067008K
  class space    used 2883K, capacity 3103K, committed 3120K, reserved 1048576K
}

