# JRE version: Java(TM) SE Runtime Environment (8.0_91-b14) (build 1.8.0_91-b14)
# Java VM: Java HotSpot(TM) 64-Bit Server VM (25.91-b14 mixed mode linux-amd64 compressed oops)
Heap:
 PSYoungGen      total 37888K, used 9148K [0x00000000d6a00000, 0x00000000d9400000, 0x0000000100000000)
  eden space 32768K, 27% used [0x00000000d6a00000,0x00000000d72ef250,0x00000000d8a00000)
  from space 5120K, 0% used [0x00000000d8f00000,0x00000000d8f00000,0x00000000d9400000)
  to   space 5120K, 0% used [0x00000000d8a00000,0x00000000d8a00000,0x00000000d8f00000)
 ParOldGen       total 47616K, used 9645K [0x0000000083e00000, 0x0000000086c80000, 0x00000000d6a00000)
  object space 47616K, 20% used [0x0000000083e00000,0x000000008476b678,0x0000000086c80000)
 Metaspace       used 22447K, capacity 23334K, committed 23552K, reserved 1069056K
  class space    used 3068K, capacity 3284K, committed 3328K, reserved 1048576K
GC Heap History (6 events):
Event: 1.201 GC heap before
{Heap before GC invocations=1 (full 0):
 PSYoungGen      total 37888K, used 32768K [0x00000000d6a00000, 0x00000000d9400000, 0x0000000100000000)
  eden space 32768K, 100% used [0x00000000d6a00000,0x00000000d8a00000,0x00000000d8a00000)
  from space 5120K, 0% used [0x00000000d8f00000,0x00000000d8f00000,0x00000000d9400000)
  to   space 5120K, 0% used [0x00000000d8a00000,0x00000000d8a00000,0x00000000d8f00000)
 ParOldGen       total 86016K, used 0K [0x0000000083e00000, 0x0000000089200000, 0x00000000d6a00000)
  object space 86016K, 0% used [0x0000000083e00000,0x0000000083e00000,0x0000000089200000)
 Metaspace       used 14977K, capacity 15568K, committed 15744K, reserved 1062912K
  class space    used 2229K, capacity 2382K, committed 2432K, reserved 1048576K
Event: 1.210 GC heap after
Heap after GC invocations=1 (full 0):
 PSYoungGen      total 37888K, used 5109K [0x00000000d6a00000, 0x00000000d9400000, 0x0000000100000000)
  eden space 32768K, 0% used [0x00000000d6a00000,0x00000000d6a00000,0x00000000d8a00000)
  from space 5120K, 99% used [0x00000000d8a00000,0x00000000d8efd4f0,0x00000000d8f00000)
  to   space 5120K, 0% used [0x00000000d8f00000,0x00000000d8f00000,0x00000000d9400000)
 ParOldGen       total 86016K, used 648K [0x0000000083e00000, 0x0000000089200000, 0x00000000d6a00000)
  object space 86016K, 0% used [0x0000000083e00000,0x0000000083ea2010,0x0000000089200000)
 Metaspace       used 14977K, capacity 15568K, committed 15744K, reserved 1062912K
  class space    used 2229K, capacity 2382K, committed 2432K, reserved 1048576K
}
Event: 46.630 GC heap before
{Heap before GC invocations=2 (full 0):
 PSYoungGen      total 37888K, used 32133K [0x00000000d6a00000, 0x00000000d9400000, 0x0000000100000000)
  eden space 32768K, 82% used [0x00000000d6a00000,0x00000000d84640c8,0x00000000d8a00000)
  from space 5120K, 99% used [0x00000000d8a00000,0x00000000d8efd4f0,0x00000000d8f00000)
  to   space 5120K, 0% used [0x00000000d8f00000,0x00000000d8f00000,0x00000000d9400000)
 ParOldGen       total 86016K, used 648K [0x0000000083e00000, 0x0000000089200000, 0x00000000d6a00000)
  object space 86016K, 0% used [0x0000000083e00000,0x0000000083ea2010,0x0000000089200000)
 Metaspace       used 20418K, capacity 21130K, committed 21296K, reserved 1067008K
  class space    used 2736K, capacity 2918K, committed 2944K, reserved 1048576K
Event: 46.641 GC heap after
Heap after GC invocations=2 (full 0):
 PSYoungGen      total 37888K, used 5095K [0x00000000d6a00000, 0x00000000d9400000, 0x0000000100000000)
  eden space 32768K, 0% used [0x00000000d6a00000,0x00000000d6a00000,0x00000000d8a00000)
  from space 5120K, 99% used [0x00000000d8f00000,0x00000000d93f9f88,0x00000000d9400000)
  to   space 5120K, 0% used [0x00000000d8a00000,0x00000000d8a00000,0x00000000d8f00000)
 ParOldGen       total 86016K, used 4835K [0x0000000083e00000, 0x0000000089200000, 0x00000000d6a00000)
  object space 86016K, 5% used [0x0000000083e00000,0x00000000842b8f68,0x0000000089200000)
 Metaspace       used 20418K, capacity 21130K, committed 21296K, reserved 1067008K
  class space    used 2736K, capacity 2918K, committed 2944K, reserved 1048576K
}
Event: 46.641 GC heap before
{Heap before GC invocations=3 (full 1):
 PSYoungGen      total 37888K, used 5095K [0x00000000d6a00000, 0x00000000d9400000, 0x0000000100000000)
  eden space 32768K, 0% used [0x00000000d6a00000,0x00000000d6a00000,0x00000000d8a00000)
  from space 5120K, 99% used [0x00000000d8f00000,0x00000000d93f9f88,0x00000000d9400000)
  to   space 5120K, 0% used [0x00000000d8a00000,0x00000000d8a00000,0x00000000d8f00000)
 ParOldGen       total 86016K, used 4835K [0x0000000083e00000, 0x0000000089200000, 0x00000000d6a00000)
  object space 86016K, 5% used [0x0000000083e00000,0x00000000842b8f68,0x0000000089200000)
 Metaspace       used 20418K, capacity 21130K, committed 21296K, reserved 1067008K
  class space    used 2736K, capacity 2918K, committed 2944K, reserved 1048576K
Event: 46.688 GC heap after
Heap after GC invocations=3 (full 1):
 PSYoungGen      total 37888K, used 0K [0x00000000d6a00000, 0x00000000d9400000, 0x0000000100000000)
  eden space 32768K, 0% used [0x00000000d6a00000,0x00000000d6a00000,0x00000000d8a00000)
  from space 5120K, 0% used [0x00000000d8f00000,0x00000000d8f00000,0x00000000d9400000)
  to   space 5120K, 0% used [0x00000000d8a00000,0x00000000d8a00000,0x00000000d8f00000)
 ParOldGen       total 47616K, used 9645K [0x0000000083e00000, 0x0000000086c80000, 0x00000000d6a00000)
  object space 47616K, 20% used [0x0000000083e00000,0x000000008476b678,0x0000000086c80000)
 Metaspace       used 20418K, capacity 21130K, committed 21296K, reserved 1067008K
  class space    used 2736K, capacity 2918K, committed 2944K, reserved 1048576K
}

