# JRE version: Java(TM) SE Runtime Environment (8.0_91-b14) (build 1.8.0_91-b14)
# Java VM: Java HotSpot(TM) 64-Bit Server VM (25.91-b14 mixed mode linux-amd64 compressed oops)
Heap:
 PSYoungGen      total 37888K, used 13387K [0x00000000d6a00000, 0x00000000d9400000, 0x0000000100000000)
  eden space 32768K, 40% used [0x00000000d6a00000,0x00000000d7712ed8,0x00000000d8a00000)
  from space 5120K, 0% used [0x00000000d8f00000,0x00000000d8f00000,0x00000000d9400000)
  to   space 5120K, 0% used [0x00000000d8a00000,0x00000000d8a00000,0x00000000d8f00000)
 ParOldGen       total 64512K, used 8837K [0x0000000083e00000, 0x0000000087d00000, 0x00000000d6a00000)
  object space 64512K, 13% used [0x0000000083e00000,0x00000000846a1708,0x0000000087d00000)
 Metaspace       used 22044K, capacity 23268K, committed 23424K, reserved 1069056K
  class space    used 3174K, capacity 3424K, committed 3456K, reserved 1048576K
GC Heap History (6 events):
Event: 1.040 GC heap before
{Heap before GC invocations=1 (full 0):
 PSYoungGen      total 37888K, used 32768K [0x00000000d6a00000, 0x00000000d9400000, 0x0000000100000000)
  eden space 32768K, 100% used [0x00000000d6a00000,0x00000000d8a00000,0x00000000d8a00000)
  from space 5120K, 0% used [0x00000000d8f00000,0x00000000d8f00000,0x00000000d9400000)
  to   space 5120K, 0% used [0x00000000d8a00000,0x00000000d8a00000,0x00000000d8f00000)
 ParOldGen       total 86016K, used 0K [0x0000000083e00000, 0x0000000089200000, 0x00000000d6a00000)
  object space 86016K, 0% used [0x0000000083e00000,0x0000000083e00000,0x0000000089200000)
 Metaspace       used 15256K, capacity 15926K, committed 16128K, reserved 1062912K
  class space    used 2268K, capacity 2454K, committed 2560K, reserved 1048576K
Event: 1.047 GC heap after
Heap after GC invocations=1 (full 0):
 PSYoungGen      total 37888K, used 5095K [0x00000000d6a00000, 0x00000000d9400000, 0x0000000100000000)
  eden space 32768K, 0% used [0x00000000d6a00000,0x00000000d6a00000,0x00000000d8a00000)
  from space 5120K, 99% used [0x00000000d8a00000,0x00000000d8ef9f70,0x00000000d8f00000)
  to   space 5120K, 0% used [0x00000000d8f00000,0x00000000d8f00000,0x00000000d9400000)
 ParOldGen       total 86016K, used 840K [0x0000000083e00000, 0x0000000089200000, 0x00000000d6a00000)
  object space 86016K, 0% used [0x0000000083e00000,0x0000000083ed2010,0x0000000089200000)
 Metaspace       used 15256K, capacity 15926K, committed 16128K, reserved 1062912K
  class space    used 2268K, capacity 2454K, committed 2560K, reserved 1048576K
}
Event: 5.610 GC heap before
{Heap before GC invocations=2 (full 0):
 PSYoungGen      total 37888K, used 22671K [0x00000000d6a00000, 0x00000000d9400000, 0x0000000100000000)
  eden space 32768K, 53% used [0x00000000d6a00000,0x00000000d7b29ec0,0x00000000d8a00000)
  from space 5120K, 99% used [0x00000000d8a00000,0x00000000d8ef9f70,0x00000000d8f00000)
  to   space 5120K, 0% used [0x00000000d8f00000,0x00000000d8f00000,0x00000000d9400000)
 ParOldGen       total 86016K, used 840K [0x0000000083e00000, 0x0000000089200000, 0x00000000d6a00000)
  object space 86016K, 0% used [0x0000000083e00000,0x0000000083ed2010,0x0000000089200000)
 Metaspace       used 20364K, capacity 21156K, committed 21296K, reserved 1067008K
  class space    used 2915K, capacity 3116K, committed 3200K, reserved 1048576K
Event: 5.628 GC heap after
Heap after GC invocations=2 (full 0):
 PSYoungGen      total 37888K, used 5109K [0x00000000d6a00000, 0x00000000d9400000, 0x0000000100000000)
  eden space 32768K, 0% used [0x00000000d6a00000,0x00000000d6a00000,0x00000000d8a00000)
  from space 5120K, 99% used [0x00000000d8f00000,0x00000000d93fd520,0x00000000d9400000)
  to   space 5120K, 0% used [0x00000000d8a00000,0x00000000d8a00000,0x00000000d8f00000)
 ParOldGen       total 86016K, used 3979K [0x0000000083e00000, 0x0000000089200000, 0x00000000d6a00000)
  object space 86016K, 4% used [0x0000000083e00000,0x00000000841e2e10,0x0000000089200000)
 Metaspace       used 20364K, capacity 21156K, committed 21296K, reserved 1067008K
  class space    used 2915K, capacity 3116K, committed 3200K, reserved 1048576K
}
Event: 5.628 GC heap before
{Heap before GC invocations=3 (full 1):
 PSYoungGen      total 37888K, used 5109K [0x00000000d6a00000, 0x00000000d9400000, 0x0000000100000000)
  eden space 32768K, 0% used [0x00000000d6a00000,0x00000000d6a00000,0x00000000d8a00000)
  from space 5120K, 99% used [0x00000000d8f00000,0x00000000d93fd520,0x00000000d9400000)
  to   space 5120K, 0% used [0x00000000d8a00000,0x00000000d8a00000,0x00000000d8f00000)
 ParOldGen       total 86016K, used 3979K [0x0000000083e00000, 0x0000000089200000, 0x00000000d6a00000)
  object space 86016K, 4% used [0x0000000083e00000,0x00000000841e2e10,0x0000000089200000)
 Metaspace       used 20364K, capacity 21156K, committed 21296K, reserved 1067008K
  class space    used 2915K, capacity 3116K, committed 3200K, reserved 1048576K
Event: 5.667 GC heap after
Heap after GC invocations=3 (full 1):
 PSYoungGen      total 37888K, used 0K [0x00000000d6a00000, 0x00000000d9400000, 0x0000000100000000)
  eden space 32768K, 0% used [0x00000000d6a00000,0x00000000d6a00000,0x00000000d8a00000)
  from space 5120K, 0% used [0x00000000d8f00000,0x00000000d8f00000,0x00000000d9400000)
  to   space 5120K, 0% used [0x00000000d8a00000,0x00000000d8a00000,0x00000000d8f00000)
 ParOldGen       total 64512K, used 8837K [0x0000000083e00000, 0x0000000087d00000, 0x00000000d6a00000)
  object space 64512K, 13% used [0x0000000083e00000,0x00000000846a1708,0x0000000087d00000)
 Metaspace       used 20364K, capacity 21156K, committed 21296K, reserved 1067008K
  class space    used 2915K, capacity 3116K, committed 3200K, reserved 1048576K
}

