# JRE version: Java(TM) SE Runtime Environment (8.0_91-b14) (build 1.8.0_91-b14)
# Java VM: Java HotSpot(TM) 64-Bit Server VM (25.91-b14 mixed mode linux-amd64 compressed oops)
Heap:
 PSYoungGen      total 37888K, used 29511K [0x00000000d6a00000, 0x00000000d9400000, 0x0000000100000000)
  eden space 32768K, 90% used [0x00000000d6a00000,0x00000000d86d1cc8,0x00000000d8a00000)
  from space 5120K, 0% used [0x00000000d8f00000,0x00000000d8f00000,0x00000000d9400000)
  to   space 5120K, 0% used [0x00000000d8a00000,0x00000000d8a00000,0x00000000d8f00000)
 ParOldGen       total 79872K, used 12167K [0x0000000083e00000, 0x0000000088c00000, 0x00000000d6a00000)
  object space 79872K, 15% used [0x0000000083e00000,0x00000000849e1ed8,0x0000000088c00000)
 Metaspace       used 22330K, capacity 23724K, committed 24064K, reserved 1069056K
  class space    used 3241K, capacity 3494K, committed 3584K, reserved 1048576K
GC Heap History (6 events):
Event: 1.159 GC heap before
{Heap before GC invocations=1 (full 0):
 PSYoungGen      total 37888K, used 32768K [0x00000000d6a00000, 0x00000000d9400000, 0x0000000100000000)
  eden space 32768K, 100% used [0x00000000d6a00000,0x00000000d8a00000,0x00000000d8a00000)
  from space 5120K, 0% used [0x00000000d8f00000,0x00000000d8f00000,0x00000000d9400000)
  to   space 5120K, 0% used [0x00000000d8a00000,0x00000000d8a00000,0x00000000d8f00000)
 ParOldGen       total 86016K, used 0K [0x0000000083e00000, 0x0000000089200000, 0x00000000d6a00000)
  object space 86016K, 0% used [0x0000000083e00000,0x0000000083e00000,0x0000000089200000)
 Metaspace       used 14975K, capacity 15568K, committed 15744K, reserved 1062912K
  class space    used 2235K, capacity 2402K, committed 2432K, reserved 1048576K
Event: 1.166 GC heap after
Heap after GC invocations=1 (full 0):
 PSYoungGen      total 37888K, used 5111K [0x00000000d6a00000, 0x00000000d9400000, 0x0000000100000000)
  eden space 32768K, 0% used [0x00000000d6a00000,0x00000000d6a00000,0x00000000d8a00000)
  from space 5120K, 99% used [0x00000000d8a00000,0x00000000d8efdf80,0x00000000d8f00000)
  to   space 5120K, 0% used [0x00000000d8f00000,0x00000000d8f00000,0x00000000d9400000)
 ParOldGen       total 86016K, used 560K [0x0000000083e00000, 0x0000000089200000, 0x00000000d6a00000)
  object space 86016K, 0% used [0x0000000083e00000,0x0000000083e8c010,0x0000000089200000)
 Metaspace       used 14975K, capacity 15568K, committed 15744K, reserved 1062912K
  class space    used 2235K, capacity 2402K, committed 2432K, reserved 1048576K
}
Event: 2.497 GC heap before
{Heap before GC invocations=2 (full 0):
 PSYoungGen      total 37888K, used 35875K [0x00000000d6a00000, 0x00000000d9400000, 0x0000000100000000)
  eden space 32768K, 93% used [0x00000000d6a00000,0x00000000d880b018,0x00000000d8a00000)
  from space 5120K, 99% used [0x00000000d8a00000,0x00000000d8efdf80,0x00000000d8f00000)
  to   space 5120K, 0% used [0x00000000d8f00000,0x00000000d8f00000,0x00000000d9400000)
 ParOldGen       total 86016K, used 560K [0x0000000083e00000, 0x0000000089200000, 0x00000000d6a00000)
  object space 86016K, 0% used [0x0000000083e00000,0x0000000083e8c010,0x0000000089200000)
 Metaspace       used 20033K, capacity 21192K, committed 21296K, reserved 1067008K
  class space    used 3012K, capacity 3268K, committed 3328K, reserved 1048576K
Event: 2.508 GC heap after
Heap after GC invocations=2 (full 0):
 PSYoungGen      total 37888K, used 5097K [0x00000000d6a00000, 0x00000000d9400000, 0x0000000100000000)
  eden space 32768K, 0% used [0x00000000d6a00000,0x00000000d6a00000,0x00000000d8a00000)
  from space 5120K, 99% used [0x00000000d8f00000,0x00000000d93fa590,0x00000000d9400000)
  to   space 5120K, 0% used [0x00000000d8a00000,0x00000000d8a00000,0x00000000d8f00000)
 ParOldGen       total 86016K, used 7467K [0x0000000083e00000, 0x0000000089200000, 0x00000000d6a00000)
  object space 86016K, 8% used [0x0000000083e00000,0x000000008454af40,0x0000000089200000)
 Metaspace       used 20033K, capacity 21192K, committed 21296K, reserved 1067008K
  class space    used 3012K, capacity 3268K, committed 3328K, reserved 1048576K
}
Event: 2.508 GC heap before
{Heap before GC invocations=3 (full 1):
 PSYoungGen      total 37888K, used 5097K [0x00000000d6a00000, 0x00000000d9400000, 0x0000000100000000)
  eden space 32768K, 0% used [0x00000000d6a00000,0x00000000d6a00000,0x00000000d8a00000)
  from space 5120K, 99% used [0x00000000d8f00000,0x00000000d93fa590,0x00000000d9400000)
  to   space 5120K, 0% used [0x00000000d8a00000,0x00000000d8a00000,0x00000000d8f00000)
 ParOldGen       total 86016K, used 7467K [0x0000000083e00000, 0x0000000089200000, 0x00000000d6a00000)
  object space 86016K, 8% used [0x0000000083e00000,0x000000008454af40,0x0000000089200000)
 Metaspace       used 20033K, capacity 21192K, committed 21296K, reserved 1067008K
  class space    used 3012K, capacity 3268K, committed 3328K, reserved 1048576K
Event: 2.573 GC heap after
Heap after GC invocations=3 (full 1):
 PSYoungGen      total 37888K, used 0K [0x00000000d6a00000, 0x00000000d9400000, 0x0000000100000000)
  eden space 32768K, 0% used [0x00000000d6a00000,0x00000000d6a00000,0x00000000d8a00000)
  from space 5120K, 0% used [0x00000000d8f00000,0x00000000d8f00000,0x00000000d9400000)
  to   space 5120K, 0% used [0x00000000d8a00000,0x00000000d8a00000,0x00000000d8f00000)
 ParOldGen       total 79872K, used 12167K [0x0000000083e00000, 0x0000000088c00000, 0x00000000d6a00000)
  object space 79872K, 15% used [0x0000000083e00000,0x00000000849e1ed8,0x0000000088c00000)
 Metaspace       used 20033K, capacity 21192K, committed 21296K, reserved 1067008K
  class space    used 3012K, capacity 3268K, committed 3328K, reserved 1048576K
}

