# JRE version: Java(TM) SE Runtime Environment (8.0_91-b14) (build 1.8.0_91-b14)
# Java VM: Java HotSpot(TM) 64-Bit Server VM (25.91-b14 mixed mode linux-amd64 compressed oops)
Heap:
 PSYoungGen      total 37888K, used 13077K [0x00000000d6a00000, 0x00000000d9400000, 0x0000000100000000)
  eden space 32768K, 39% used [0x00000000d6a00000,0x00000000d76c5658,0x00000000d8a00000)
  from space 5120K, 0% used [0x00000000d8f00000,0x00000000d8f00000,0x00000000d9400000)
  to   space 5120K, 0% used [0x00000000d8a00000,0x00000000d8a00000,0x00000000d8f00000)
 ParOldGen       total 45568K, used 8597K [0x0000000083e00000, 0x0000000086a80000, 0x00000000d6a00000)
  object space 45568K, 18% used [0x0000000083e00000,0x0000000084665608,0x0000000086a80000)
 Metaspace       used 22069K, capacity 23222K, committed 23424K, reserved 1069056K
  class space    used 3155K, capacity 3390K, committed 3456K, reserved 1048576K
GC Heap History (6 events):
Event: 1.234 GC heap before
{Heap before GC invocations=1 (full 0):
 PSYoungGen      total 37888K, used 32768K [0x00000000d6a00000, 0x00000000d9400000, 0x0000000100000000)
  eden space 32768K, 100% used [0x00000000d6a00000,0x00000000d8a00000,0x00000000d8a00000)
  from space 5120K, 0% used [0x00000000d8f00000,0x00000000d8f00000,0x00000000d9400000)
  to   space 5120K, 0% used [0x00000000d8a00000,0x00000000d8a00000,0x00000000d8f00000)
 ParOldGen       total 86016K, used 0K [0x0000000083e00000, 0x0000000089200000, 0x00000000d6a00000)
  object space 86016K, 0% used [0x0000000083e00000,0x0000000083e00000,0x0000000089200000)
 Metaspace       used 14979K, capacity 15574K, committed 15744K, reserved 1062912K
  class space    used 2231K, capacity 2383K, committed 2432K, reserved 1048576K
Event: 1.240 GC heap after
Heap after GC invocations=1 (full 0):
 PSYoungGen      total 37888K, used 5109K [0x00000000d6a00000, 0x00000000d9400000, 0x0000000100000000)
  eden space 32768K, 0% used [0x00000000d6a00000,0x00000000d6a00000,0x00000000d8a00000)
  from space 5120K, 99% used [0x00000000d8a00000,0x00000000d8efd4f0,0x00000000d8f00000)
  to   space 5120K, 0% used [0x00000000d8f00000,0x00000000d8f00000,0x00000000d9400000)
 ParOldGen       total 86016K, used 576K [0x0000000083e00000, 0x0000000089200000, 0x00000000d6a00000)
  object space 86016K, 0% used [0x0000000083e00000,0x0000000083e90010,0x0000000089200000)
 Metaspace       used 14979K, capacity 15574K, committed 15744K, reserved 1062912K
  class space    used 2231K, capacity 2383K, committed 2432K, reserved 1048576K
}
Event: 12.248 GC heap before
{Heap before GC invocations=2 (full 0):
 PSYoungGen      total 37888K, used 26079K [0x00000000d6a00000, 0x00000000d9400000, 0x0000000100000000)
  eden space 32768K, 63% used [0x00000000d6a00000,0x00000000d7e7a7f0,0x00000000d8a00000)
  from space 5120K, 99% used [0x00000000d8a00000,0x00000000d8efd4f0,0x00000000d8f00000)
  to   space 5120K, 0% used [0x00000000d8f00000,0x00000000d8f00000,0x00000000d9400000)
 ParOldGen       total 86016K, used 576K [0x0000000083e00000, 0x0000000089200000, 0x00000000d6a00000)
  object space 86016K, 0% used [0x0000000083e00000,0x0000000083e90010,0x0000000089200000)
 Metaspace       used 20409K, capacity 21190K, committed 21296K, reserved 1067008K
  class space    used 2886K, capacity 3112K, committed 3200K, reserved 1048576K
Event: 12.259 GC heap after
Heap after GC invocations=2 (full 0):
 PSYoungGen      total 37888K, used 5111K [0x00000000d6a00000, 0x00000000d9400000, 0x0000000100000000)
  eden space 32768K, 0% used [0x00000000d6a00000,0x00000000d6a00000,0x00000000d8a00000)
  from space 5120K, 99% used [0x00000000d8f00000,0x00000000d93fde58,0x00000000d9400000)
  to   space 5120K, 0% used [0x00000000d8a00000,0x00000000d8a00000,0x00000000d8f00000)
 ParOldGen       total 86016K, used 3765K [0x0000000083e00000, 0x0000000089200000, 0x00000000d6a00000)
  object space 86016K, 4% used [0x0000000083e00000,0x00000000841ad768,0x0000000089200000)
 Metaspace       used 20409K, capacity 21190K, committed 21296K, reserved 1067008K
  class space    used 2886K, capacity 3112K, committed 3200K, reserved 1048576K
}
Event: 12.259 GC heap before
{Heap before GC invocations=3 (full 1):
 PSYoungGen      total 37888K, used 5111K [0x00000000d6a00000, 0x00000000d9400000, 0x0000000100000000)
  eden space 32768K, 0% used [0x00000000d6a00000,0x00000000d6a00000,0x00000000d8a00000)
  from space 5120K, 99% used [0x00000000d8f00000,0x00000000d93fde58,0x00000000d9400000)
  to   space 5120K, 0% used [0x00000000d8a00000,0x00000000d8a00000,0x00000000d8f00000)
 ParOldGen       total 86016K, used 3765K [0x0000000083e00000, 0x0000000089200000, 0x00000000d6a00000)
  object space 86016K, 4% used [0x0000000083e00000,0x00000000841ad768,0x0000000089200000)
 Metaspace       used 20409K, capacity 21190K, committed 21296K, reserved 1067008K
  class space    used 2886K, capacity 3112K, committed 3200K, reserved 1048576K
Event: 12.307 GC heap after
Heap after GC invocations=3 (full 1):
 PSYoungGen      total 37888K, used 0K [0x00000000d6a00000, 0x00000000d9400000, 0x0000000100000000)
  eden space 32768K, 0% used [0x00000000d6a00000,0x00000000d6a00000,0x00000000d8a00000)
  from space 5120K, 0% used [0x00000000d8f00000,0x00000000d8f00000,0x00000000d9400000)
  to   space 5120K, 0% used [0x00000000d8a00000,0x00000000d8a00000,0x00000000d8f00000)
 ParOldGen       total 45568K, used 8597K [0x0000000083e00000, 0x0000000086a80000, 0x00000000d6a00000)
  object space 45568K, 18% used [0x0000000083e00000,0x0000000084665608,0x0000000086a80000)
 Metaspace       used 20409K, capacity 21190K, committed 21296K, reserved 1067008K
  class space    used 2886K, capacity 3112K, committed 3200K, reserved 1048576K
}

