# JRE version: Java(TM) SE Runtime Environment (8.0_91-b14) (build 1.8.0_91-b14)
# Java VM: Java HotSpot(TM) 64-Bit Server VM (25.91-b14 mixed mode linux-amd64 compressed oops)
Heap:
 PSYoungGen      total 47616K, used 3090K [0x00000000d6a00000, 0x00000000d9980000, 0x0000000100000000)
  eden space 47104K, 6% used [0x00000000d6a00000,0x00000000d6d04940,0x00000000d9800000)
  from space 512K, 0% used [0x00000000d9900000,0x00000000d9900000,0x00000000d9980000)
  to   space 512K, 0% used [0x00000000d9880000,0x00000000d9880000,0x00000000d9900000)
 ParOldGen       total 79360K, used 24706K [0x0000000083e00000, 0x0000000088b80000, 0x00000000d6a00000)
  object space 79360K, 31% used [0x0000000083e00000,0x0000000085620948,0x0000000088b80000)
 Metaspace       used 22962K, capacity 24210K, committed 24576K, reserved 1071104K
  class space    used 3194K, capacity 3468K, committed 3584K, reserved 1048576K
GC Heap History (10 events):
Event: 43.151 GC heap before
{Heap before GC invocations=718 (full 356):
 PSYoungGen      total 47616K, used 128K [0x00000000d6a00000, 0x00000000d9980000, 0x0000000100000000)
  eden space 47104K, 0% used [0x00000000d6a00000,0x00000000d6a00000,0x00000000d9800000)
  from space 512K, 25% used [0x00000000d9900000,0x00000000d9920000,0x00000000d9980000)
  to   space 512K, 0% used [0x00000000d9880000,0x00000000d9880000,0x00000000d9900000)
 ParOldGen       total 79360K, used 23688K [0x0000000083e00000, 0x0000000088b80000, 0x00000000d6a00000)
  object space 79360K, 29% used [0x0000000083e00000,0x0000000085522070,0x0000000088b80000)
 Metaspace       used 22927K, capacity 24192K, committed 24320K, reserved 1071104K
  class space    used 3188K, capacity 3465K, committed 3584K, reserved 1048576K
Event: 43.194 GC heap after
Heap after GC invocations=718 (full 356):
 PSYoungGen      total 47616K, used 0K [0x00000000d6a00000, 0x00000000d9980000, 0x0000000100000000)
  eden space 47104K, 0% used [0x00000000d6a00000,0x00000000d6a00000,0x00000000d9800000)
  from space 512K, 0% used [0x00000000d9900000,0x00000000d9900000,0x00000000d9980000)
  to   space 512K, 0% used [0x00000000d9880000,0x00000000d9880000,0x00000000d9900000)
 ParOldGen       total 79360K, used 23686K [0x0000000083e00000, 0x0000000088b80000, 0x00000000d6a00000)
  object space 79360K, 29% used [0x0000000083e00000,0x0000000085521998,0x0000000088b80000)
 Metaspace       used 22927K, capacity 24192K, committed 24320K, reserved 1071104K
  class space    used 3188K, capacity 3465K, committed 3584K, reserved 1048576K
}
Event: 43.194 GC heap before
{Heap before GC invocations=719 (full 356):
 PSYoungGen      total 47616K, used 0K [0x00000000d6a00000, 0x00000000d9980000, 0x0000000100000000)
  eden space 47104K, 0% used [0x00000000d6a00000,0x00000000d6a00000,0x00000000d9800000)
  from space 512K, 0% used [0x00000000d9900000,0x00000000d9900000,0x00000000d9980000)
  to   space 512K, 0% used [0x00000000d9880000,0x00000000d9880000,0x00000000d9900000)
 ParOldGen       total 79360K, used 23686K [0x0000000083e00000, 0x0000000088b80000, 0x00000000d6a00000)
  object space 79360K, 29% used [0x0000000083e00000,0x0000000085521998,0x0000000088b80000)
 Metaspace       used 22927K, capacity 24192K, committed 24320K, reserved 1071104K
  class space    used 3188K, capacity 3465K, committed 3584K, reserved 1048576K
Event: 43.195 GC heap after
Heap after GC invocations=719 (full 356):
 PSYoungGen      total 47616K, used 0K [0x00000000d6a00000, 0x00000000d9980000, 0x0000000100000000)
  eden space 47104K, 0% used [0x00000000d6a00000,0x00000000d6a00000,0x00000000d9800000)
  from space 512K, 0% used [0x00000000d9880000,0x00000000d9880000,0x00000000d9900000)
  to   space 512K, 0% used [0x00000000d9900000,0x00000000d9900000,0x00000000d9980000)
 ParOldGen       total 79360K, used 23686K [0x0000000083e00000, 0x0000000088b80000, 0x00000000d6a00000)
  object space 79360K, 29% used [0x0000000083e00000,0x0000000085521998,0x0000000088b80000)
 Metaspace       used 22927K, capacity 24192K, committed 24320K, reserved 1071104K
  class space    used 3188K, capacity 3465K, committed 3584K, reserved 1048576K
}
Event: 43.195 GC heap before
{Heap before GC invocations=720 (full 357):
 PSYoungGen      total 47616K, used 0K [0x00000000d6a00000, 0x00000000d9980000, 0x0000000100000000)
  eden space 47104K, 0% used [0x00000000d6a00000,0x00000000d6a00000,0x00000000d9800000)
  from space 512K, 0% used [0x00000000d9880000,0x00000000d9880000,0x00000000d9900000)
  to   space 512K, 0% used [0x00000000d9900000,0x00000000d9900000,0x00000000d9980000)
 ParOldGen       total 79360K, used 23686K [0x0000000083e00000, 0x0000000088b80000, 0x00000000d6a00000)
  object space 79360K, 29% used [0x0000000083e00000,0x0000000085521998,0x0000000088b80000)
 Metaspace       used 22927K, capacity 24192K, committed 24320K, reserved 1071104K
  class space    used 3188K, capacity 3465K, committed 3584K, reserved 1048576K
Event: 43.215 GC heap after
Heap after GC invocations=720 (full 357):
 PSYoungGen      total 47616K, used 0K [0x00000000d6a00000, 0x00000000d9980000, 0x0000000100000000)
  eden space 47104K, 0% used [0x00000000d6a00000,0x00000000d6a00000,0x00000000d9800000)
  from space 512K, 0% used [0x00000000d9880000,0x00000000d9880000,0x00000000d9900000)
  to   space 512K, 0% used [0x00000000d9900000,0x00000000d9900000,0x00000000d9980000)
 ParOldGen       total 79360K, used 23686K [0x0000000083e00000, 0x0000000088b80000, 0x00000000d6a00000)
  object space 79360K, 29% used [0x0000000083e00000,0x0000000085521998,0x0000000088b80000)
 Metaspace       used 22927K, capacity 24192K, committed 24320K, reserved 1071104K
  class space    used 3188K, capacity 3465K, committed 3584K, reserved 1048576K
}
Event: 43.245 GC heap before
{Heap before GC invocations=721 (full 357):
 PSYoungGen      total 47616K, used 2619K [0x00000000d6a00000, 0x00000000d9980000, 0x0000000100000000)
  eden space 47104K, 5% used [0x00000000d6a00000,0x00000000d6c8ecc8,0x00000000d9800000)
  from space 512K, 0% used [0x00000000d9880000,0x00000000d9880000,0x00000000d9900000)
  to   space 512K, 0% used [0x00000000d9900000,0x00000000d9900000,0x00000000d9980000)
 ParOldGen       total 79360K, used 23686K [0x0000000083e00000, 0x0000000088b80000, 0x00000000d6a00000)
  object space 79360K, 29% used [0x0000000083e00000,0x0000000085521998,0x0000000088b80000)
 Metaspace       used 22942K, capacity 24192K, committed 24320K, reserved 1071104K
  class space    used 3190K, capacity 3465K, committed 3584K, reserved 1048576K
Event: 43.246 GC heap after
Heap after GC invocations=721 (full 357):
 PSYoungGen      total 47616K, used 256K [0x00000000d6a00000, 0x00000000d9980000, 0x0000000100000000)
  eden space 47104K, 0% used [0x00000000d6a00000,0x00000000d6a00000,0x00000000d9800000)
  from space 512K, 50% used [0x00000000d9900000,0x00000000d9940000,0x00000000d9980000)
  to   space 512K, 0% used [0x00000000d9880000,0x00000000d9880000,0x00000000d9900000)
 ParOldGen       total 79360K, used 24710K [0x0000000083e00000, 0x0000000088b80000, 0x00000000d6a00000)
  object space 79360K, 31% used [0x0000000083e00000,0x00000000856219a8,0x0000000088b80000)
 Metaspace       used 22942K, capacity 24192K, committed 24320K, reserved 1071104K
  class space    used 3190K, capacity 3465K, committed 3584K, reserved 1048576K
}
Event: 43.246 GC heap before
{Heap before GC invocations=722 (full 358):
 PSYoungGen      total 47616K, used 256K [0x00000000d6a00000, 0x00000000d9980000, 0x0000000100000000)
  eden space 47104K, 0% used [0x00000000d6a00000,0x00000000d6a00000,0x00000000d9800000)
  from space 512K, 50% used [0x00000000d9900000,0x00000000d9940000,0x00000000d9980000)
  to   space 512K, 0% used [0x00000000d9880000,0x00000000d9880000,0x00000000d9900000)
 ParOldGen       total 79360K, used 24710K [0x0000000083e00000, 0x0000000088b80000, 0x00000000d6a00000)
  object space 79360K, 31% used [0x0000000083e00000,0x00000000856219a8,0x0000000088b80000)
 Metaspace       used 22942K, capacity 24192K, committed 24320K, reserved 1071104K
  class space    used 3190K, capacity 3465K, committed 3584K, reserved 1048576K
Event: 43.302 GC heap after
Heap after GC invocations=722 (full 358):
 PSYoungGen      total 47616K, used 0K [0x00000000d6a00000, 0x00000000d9980000, 0x0000000100000000)
  eden space 47104K, 0% used [0x00000000d6a00000,0x00000000d6a00000,0x00000000d9800000)
  from space 512K, 0% used [0x00000000d9900000,0x00000000d9900000,0x00000000d9980000)
  to   space 512K, 0% used [0x00000000d9880000,0x00000000d9880000,0x00000000d9900000)
 ParOldGen       total 79360K, used 24706K [0x0000000083e00000, 0x0000000088b80000, 0x00000000d6a00000)
  object space 79360K, 31% used [0x0000000083e00000,0x0000000085620948,0x0000000088b80000)
 Metaspace       used 22942K, capacity 24192K, committed 24320K, reserved 1071104K
  class space    used 3190K, capacity 3465K, committed 3584K, reserved 1048576K
}

