# JRE version: Java(TM) SE Runtime Environment (8.0_91-b14) (build 1.8.0_91-b14)
# Java VM: Java HotSpot(TM) 64-Bit Server VM (25.91-b14 mixed mode linux-amd64 compressed oops)
Heap:
 PSYoungGen      total 37888K, used 17821K [0x00000000d6a00000, 0x00000000d9400000, 0x0000000100000000)
  eden space 32768K, 54% used [0x00000000d6a00000,0x00000000d7b67530,0x00000000d8a00000)
  from space 5120K, 0% used [0x00000000d8f00000,0x00000000d8f00000,0x00000000d9400000)
  to   space 5120K, 0% used [0x00000000d8a00000,0x00000000d8a00000,0x00000000d8f00000)
 ParOldGen       total 46080K, used 9043K [0x0000000083e00000, 0x0000000086b00000, 0x00000000d6a00000)
  object space 46080K, 19% used [0x0000000083e00000,0x00000000846d4d70,0x0000000086b00000)
 Metaspace       used 23059K, capacity 24230K, committed 24320K, reserved 1071104K
  class space    used 3288K, capacity 3554K, committed 3584K, reserved 1048576K
GC Heap History (6 events):
Event: 1.153 GC heap before
{Heap before GC invocations=1 (full 0):
 PSYoungGen      total 37888K, used 32768K [0x00000000d6a00000, 0x00000000d9400000, 0x0000000100000000)
  eden space 32768K, 100% used [0x00000000d6a00000,0x00000000d8a00000,0x00000000d8a00000)
  from space 5120K, 0% used [0x00000000d8f00000,0x00000000d8f00000,0x00000000d9400000)
  to   space 5120K, 0% used [0x00000000d8a00000,0x00000000d8a00000,0x00000000d8f00000)
 ParOldGen       total 86016K, used 0K [0x0000000083e00000, 0x0000000089200000, 0x00000000d6a00000)
  object space 86016K, 0% used [0x0000000083e00000,0x0000000083e00000,0x0000000089200000)
 Metaspace       used 15272K, capacity 15934K, committed 16128K, reserved 1062912K
  class space    used 2268K, capacity 2454K, committed 2560K, reserved 1048576K
Event: 1.160 GC heap after
Heap after GC invocations=1 (full 0):
 PSYoungGen      total 37888K, used 5093K [0x00000000d6a00000, 0x00000000d9400000, 0x0000000100000000)
  eden space 32768K, 0% used [0x00000000d6a00000,0x00000000d6a00000,0x00000000d8a00000)
  from space 5120K, 99% used [0x00000000d8a00000,0x00000000d8ef9520,0x00000000d8f00000)
  to   space 5120K, 0% used [0x00000000d8f00000,0x00000000d8f00000,0x00000000d9400000)
 ParOldGen       total 86016K, used 896K [0x0000000083e00000, 0x0000000089200000, 0x00000000d6a00000)
  object space 86016K, 1% used [0x0000000083e00000,0x0000000083ee0010,0x0000000089200000)
 Metaspace       used 15272K, capacity 15934K, committed 16128K, reserved 1062912K
  class space    used 2268K, capacity 2454K, committed 2560K, reserved 1048576K
}
Event: 7.363 GC heap before
{Heap before GC invocations=2 (full 0):
 PSYoungGen      total 37888K, used 21228K [0x00000000d6a00000, 0x00000000d9400000, 0x0000000100000000)
  eden space 32768K, 49% used [0x00000000d6a00000,0x00000000d79c1b60,0x00000000d8a00000)
  from space 5120K, 99% used [0x00000000d8a00000,0x00000000d8ef9520,0x00000000d8f00000)
  to   space 5120K, 0% used [0x00000000d8f00000,0x00000000d8f00000,0x00000000d9400000)
 ParOldGen       total 86016K, used 896K [0x0000000083e00000, 0x0000000089200000, 0x00000000d6a00000)
  object space 86016K, 1% used [0x0000000083e00000,0x0000000083ee0010,0x0000000089200000)
 Metaspace       used 20491K, capacity 21210K, committed 21248K, reserved 1067008K
  class space    used 2876K, capacity 3062K, committed 3072K, reserved 1048576K
Event: 7.371 GC heap after
Heap after GC invocations=2 (full 0):
 PSYoungGen      total 37888K, used 5109K [0x00000000d6a00000, 0x00000000d9400000, 0x0000000100000000)
  eden space 32768K, 0% used [0x00000000d6a00000,0x00000000d6a00000,0x00000000d8a00000)
  from space 5120K, 99% used [0x00000000d8f00000,0x00000000d93fd500,0x00000000d9400000)
  to   space 5120K, 0% used [0x00000000d8a00000,0x00000000d8a00000,0x00000000d8f00000)
 ParOldGen       total 86016K, used 4212K [0x0000000083e00000, 0x0000000089200000, 0x00000000d6a00000)
  object space 86016K, 4% used [0x0000000083e00000,0x000000008421d238,0x0000000089200000)
 Metaspace       used 20491K, capacity 21210K, committed 21248K, reserved 1067008K
  class space    used 2876K, capacity 3062K, committed 3072K, reserved 1048576K
}
Event: 7.371 GC heap before
{Heap before GC invocations=3 (full 1):
 PSYoungGen      total 37888K, used 5109K [0x00000000d6a00000, 0x00000000d9400000, 0x0000000100000000)
  eden space 32768K, 0% used [0x00000000d6a00000,0x00000000d6a00000,0x00000000d8a00000)
  from space 5120K, 99% used [0x00000000d8f00000,0x00000000d93fd500,0x00000000d9400000)
  to   space 5120K, 0% used [0x00000000d8a00000,0x00000000d8a00000,0x00000000d8f00000)
 ParOldGen       total 86016K, used 4212K [0x0000000083e00000, 0x0000000089200000, 0x00000000d6a00000)
  object space 86016K, 4% used [0x0000000083e00000,0x000000008421d238,0x0000000089200000)
 Metaspace       used 20491K, capacity 21210K, committed 21248K, reserved 1067008K
  class space    used 2876K, capacity 3062K, committed 3072K, reserved 1048576K
Event: 7.414 GC heap after
Heap after GC invocations=3 (full 1):
 PSYoungGen      total 37888K, used 0K [0x00000000d6a00000, 0x00000000d9400000, 0x0000000100000000)
  eden space 32768K, 0% used [0x00000000d6a00000,0x00000000d6a00000,0x00000000d8a00000)
  from space 5120K, 0% used [0x00000000d8f00000,0x00000000d8f00000,0x00000000d9400000)
  to   space 5120K, 0% used [0x00000000d8a00000,0x00000000d8a00000,0x00000000d8f00000)
 ParOldGen       total 46080K, used 9043K [0x0000000083e00000, 0x0000000086b00000, 0x00000000d6a00000)
  object space 46080K, 19% used [0x0000000083e00000,0x00000000846d4d70,0x0000000086b00000)
 Metaspace       used 20491K, capacity 21210K, committed 21248K, reserved 1067008K
  class space    used 2876K, capacity 3062K, committed 3072K, reserved 1048576K
}

