# JRE version: Java(TM) SE Runtime Environment (8.0_91-b14) (build 1.8.0_91-b14)
# Java VM: Java HotSpot(TM) 64-Bit Server VM (25.91-b14 mixed mode linux-amd64 compressed oops)
Heap:
 PSYoungGen      total 663040K, used 97757K [0x00000000d6a00000, 0x0000000100000000, 0x0000000100000000)
  eden space 654336K, 13% used [0x00000000d6a00000,0x00000000dc0fafb0,0x00000000fe900000)
  from space 8704K, 99% used [0x00000000ff780000,0x00000000ffffc670,0x0000000100000000)
  to   space 11776K, 0% used [0x00000000fe900000,0x00000000fe900000,0x00000000ff480000)
 ParOldGen       total 45056K, used 14751K [0x0000000083e00000, 0x0000000086a00000, 0x00000000d6a00000)
  object space 45056K, 32% used [0x0000000083e00000,0x0000000084c67c88,0x0000000086a00000)
 Metaspace       used 24469K, capacity 25686K, committed 25984K, reserved 1071104K
  class space    used 3419K, capacity 3668K, committed 3712K, reserved 1048576K
GC Heap History (10 events):
Event: 4.275 GC heap before
{Heap before GC invocations=11 (full 1):
 PSYoungGen      total 262656K, used 253481K [0x00000000d6a00000, 0x00000000f0100000, 0x0000000100000000)
  eden space 252928K, 99% used [0x00000000d6a00000,0x00000000e60e4148,0x00000000e6100000)
  from space 9728K, 6% used [0x00000000e6100000,0x00000000e61a62d8,0x00000000e6a80000)
  to   space 9728K, 0% used [0x00000000ef780000,0x00000000ef780000,0x00000000f0100000)
 ParOldGen       total 45056K, used 8405K [0x0000000083e00000, 0x0000000086a00000, 0x00000000d6a00000)
  object space 45056K, 18% used [0x0000000083e00000,0x00000000846355a8,0x0000000086a00000)
 Metaspace       used 21568K, capacity 22482K, committed 22528K, reserved 1069056K
  class space    used 3102K, capacity 3290K, committed 3328K, reserved 1048576K
Event: 4.278 GC heap after
Heap after GC invocations=11 (full 1):
 PSYoungGen      total 403968K, used 1368K [0x00000000d6a00000, 0x00000000eff00000, 0x0000000100000000)
  eden space 396288K, 0% used [0x00000000d6a00000,0x00000000d6a00000,0x00000000eed00000)
  from space 7680K, 17% used [0x00000000ef780000,0x00000000ef8d6330,0x00000000eff00000)
  to   space 9216K, 0% used [0x00000000eed00000,0x00000000eed00000,0x00000000ef600000)
 ParOldGen       total 45056K, used 8657K [0x0000000083e00000, 0x0000000086a00000, 0x00000000d6a00000)
  object space 45056K, 19% used [0x0000000083e00000,0x00000000846745c8,0x0000000086a00000)
 Metaspace       used 21568K, capacity 22482K, committed 22528K, reserved 1069056K
  class space    used 3102K, capacity 3290K, committed 3328K, reserved 1048576K
}
Event: 4.339 GC heap before
{Heap before GC invocations=12 (full 1):
 PSYoungGen      total 403968K, used 397506K [0x00000000d6a00000, 0x00000000eff00000, 0x0000000100000000)
  eden space 396288K, 99% used [0x00000000d6a00000,0x00000000eecda860,0x00000000eed00000)
  from space 7680K, 17% used [0x00000000ef780000,0x00000000ef8d6330,0x00000000eff00000)
  to   space 9216K, 0% used [0x00000000eed00000,0x00000000eed00000,0x00000000ef600000)
 ParOldGen       total 45056K, used 8657K [0x0000000083e00000, 0x0000000086a00000, 0x00000000d6a00000)
  object space 45056K, 19% used [0x0000000083e00000,0x00000000846745c8,0x0000000086a00000)
 Metaspace       used 21826K, capacity 22896K, committed 23168K, reserved 1069056K
  class space    used 3167K, capacity 3393K, committed 3456K, reserved 1048576K
Event: 4.340 GC heap after
Heap after GC invocations=12 (full 1):
 PSYoungGen      total 405504K, used 469K [0x00000000d6a00000, 0x00000000fd600000, 0x0000000100000000)
  eden space 396288K, 0% used [0x00000000d6a00000,0x00000000d6a00000,0x00000000eed00000)
  from space 9216K, 5% used [0x00000000eed00000,0x00000000eed754d0,0x00000000ef600000)
  to   space 9216K, 0% used [0x00000000fcd00000,0x00000000fcd00000,0x00000000fd600000)
 ParOldGen       total 45056K, used 9605K [0x0000000083e00000, 0x0000000086a00000, 0x00000000d6a00000)
  object space 45056K, 21% used [0x0000000083e00000,0x0000000084761698,0x0000000086a00000)
 Metaspace       used 21826K, capacity 22896K, committed 23168K, reserved 1069056K
  class space    used 3167K, capacity 3393K, committed 3456K, reserved 1048576K
}
Event: 4.393 GC heap before
{Heap before GC invocations=13 (full 1):
 PSYoungGen      total 405504K, used 396753K [0x00000000d6a00000, 0x00000000fd600000, 0x0000000100000000)
  eden space 396288K, 99% used [0x00000000d6a00000,0x00000000eecff138,0x00000000eed00000)
  from space 9216K, 5% used [0x00000000eed00000,0x00000000eed754d0,0x00000000ef600000)
  to   space 9216K, 0% used [0x00000000fcd00000,0x00000000fcd00000,0x00000000fd600000)
 ParOldGen       total 45056K, used 9605K [0x0000000083e00000, 0x0000000086a00000, 0x00000000d6a00000)
  object space 45056K, 21% used [0x0000000083e00000,0x0000000084761698,0x0000000086a00000)
 Metaspace       used 22019K, capacity 23114K, committed 23168K, reserved 1069056K
  class space    used 3204K, capacity 3408K, committed 3456K, reserved 1048576K
Event: 4.396 GC heap after
Heap after GC invocations=13 (full 1):
 PSYoungGen      total 621568K, used 1483K [0x00000000d6a00000, 0x00000000fd400000, 0x0000000100000000)
  eden space 614400K, 0% used [0x00000000d6a00000,0x00000000d6a00000,0x00000000fc200000)
  from space 7168K, 20% used [0x00000000fcd00000,0x00000000fce72d40,0x00000000fd400000)
  to   space 9216K, 0% used [0x00000000fc200000,0x00000000fc200000,0x00000000fcb00000)
 ParOldGen       total 45056K, used 9749K [0x0000000083e00000, 0x0000000086a00000, 0x00000000d6a00000)
  object space 45056K, 21% used [0x0000000083e00000,0x0000000084785698,0x0000000086a00000)
 Metaspace       used 22019K, capacity 23114K, committed 23168K, reserved 1069056K
  class space    used 3204K, capacity 3408K, committed 3456K, reserved 1048576K
}
Event: 4.534 GC heap before
{Heap before GC invocations=14 (full 1):
 PSYoungGen      total 621568K, used 615779K [0x00000000d6a00000, 0x00000000fd400000, 0x0000000100000000)
  eden space 614400K, 99% used [0x00000000d6a00000,0x00000000fc1e6140,0x00000000fc200000)
  from space 7168K, 20% used [0x00000000fcd00000,0x00000000fce72d40,0x00000000fd400000)
  to   space 9216K, 0% used [0x00000000fc200000,0x00000000fc200000,0x00000000fcb00000)
 ParOldGen       total 45056K, used 9749K [0x0000000083e00000, 0x0000000086a00000, 0x00000000d6a00000)
  object space 45056K, 21% used [0x0000000083e00000,0x0000000084785698,0x0000000086a00000)
 Metaspace       used 22235K, capacity 23394K, committed 23552K, reserved 1069056K
  class space    used 3227K, capacity 3476K, committed 3584K, reserved 1048576K
Event: 4.539 GC heap after
Heap after GC invocations=14 (full 1):
 PSYoungGen      total 623616K, used 1467K [0x00000000d6a00000, 0x0000000100000000, 0x0000000100000000)
  eden space 614400K, 0% used [0x00000000d6a00000,0x00000000d6a00000,0x00000000fc200000)
  from space 9216K, 15% used [0x00000000fc200000,0x00000000fc36eeb0,0x00000000fcb00000)
  to   space 8704K, 0% used [0x00000000ff780000,0x00000000ff780000,0x0000000100000000)
 ParOldGen       total 45056K, used 10681K [0x0000000083e00000, 0x0000000086a00000, 0x00000000d6a00000)
  object space 45056K, 23% used [0x0000000083e00000,0x000000008486e768,0x0000000086a00000)
 Metaspace       used 22235K, capacity 23394K, committed 23552K, reserved 1069056K
  class space    used 3227K, capacity 3476K, committed 3584K, reserved 1048576K
}
Event: 5.506 GC heap before
{Heap before GC invocations=15 (full 1):
 PSYoungGen      total 623616K, used 615867K [0x00000000d6a00000, 0x0000000100000000, 0x0000000100000000)
  eden space 614400K, 100% used [0x00000000d6a00000,0x00000000fc200000,0x00000000fc200000)
  from space 9216K, 15% used [0x00000000fc200000,0x00000000fc36eeb0,0x00000000fcb00000)
  to   space 8704K, 0% used [0x00000000ff780000,0x00000000ff780000,0x0000000100000000)
 ParOldGen       total 45056K, used 10681K [0x0000000083e00000, 0x0000000086a00000, 0x00000000d6a00000)
  object space 45056K, 23% used [0x0000000083e00000,0x000000008486e768,0x0000000086a00000)
 Metaspace       used 24200K, capacity 25416K, committed 25472K, reserved 1071104K
  class space    used 3414K, capacity 3667K, committed 3712K, reserved 1048576K
Event: 5.522 GC heap after
Heap after GC invocations=15 (full 1):
 PSYoungGen      total 663040K, used 8689K [0x00000000d6a00000, 0x0000000100000000, 0x0000000100000000)
  eden space 654336K, 0% used [0x00000000d6a00000,0x00000000d6a00000,0x00000000fe900000)
  from space 8704K, 99% used [0x00000000ff780000,0x00000000ffffc670,0x0000000100000000)
  to   space 11776K, 0% used [0x00000000fe900000,0x00000000fe900000,0x00000000ff480000)
 ParOldGen       total 45056K, used 14751K [0x0000000083e00000, 0x0000000086a00000, 0x00000000d6a00000)
  object space 45056K, 32% used [0x0000000083e00000,0x0000000084c67c88,0x0000000086a00000)
 Metaspace       used 24200K, capacity 25416K, committed 25472K, reserved 1071104K
  class space    used 3414K, capacity 3667K, committed 3712K, reserved 1048576K
}

